# JRE version: OpenJDK Runtime Environment (17.0.9) (build 17.0.9+0--11185874)
# Java VM: OpenJDK 64-Bit Server VM (17.0.9+0--11185874, mixed mode, tiered, compressed oops, compressed class ptrs, g1 gc, windows-amd64)
GC Precious Log:
 CPUs: 4 total, 4 available
 Memory: 7997M
 Large Page Support: Disabled
 NUMA Support: Disabled
 Compressed Oops: Enabled (32-bit)
 Heap Region Size: 1M
 Heap Min Capacity: 8M
 Heap Initial Capacity: 126M
 Heap Max Capacity: 2G
 Pre-touch: Disabled
 Parallel Workers: 4
 Concurrent Workers: 1
 Concurrent Refinement Workers: 4
 Periodic GC: Disabled
Heap:
 garbage-first heap   total 478208K, used 157891K [0x0000000080000000, 0x0000000100000000)
  region size 1024K, 3 young (3072K), 3 survivors (3072K)
 Metaspace       used 137990K, committed 139136K, reserved 1179648K
  class space    used 18800K, committed 19392K, reserved 1048576K
GC Heap History (20 events):
Event: 1037.082 GC heap after
{Heap after GC invocations=80 (full 0):
 garbage-first heap   total 460800K, used 133675K [0x0000000080000000, 0x0000000100000000)
  region size 1024K, 2 young (2048K), 2 survivors (2048K)
 Metaspace       used 136549K, committed 137600K, reserved 1179648K
  class space    used 18722K, committed 19264K, reserved 1048576K
}
Event: 1037.579 GC heap before
{Heap before GC invocations=80 (full 0):
 garbage-first heap   total 460800K, used 159275K [0x0000000080000000, 0x0000000100000000)
  region size 1024K, 29 young (29696K), 2 survivors (2048K)
 Metaspace       used 136594K, committed 137664K, reserved 1179648K
  class space    used 18723K, committed 19264K, reserved 1048576K
}
Event: 1037.584 GC heap after
{Heap after GC invocations=81 (full 0):
 garbage-first heap   total 460800K, used 133789K [0x0000000080000000, 0x0000000100000000)
  region size 1024K, 2 young (2048K), 2 survivors (2048K)
 Metaspace       used 136594K, committed 137664K, reserved 1179648K
  class space    used 18723K, committed 19264K, reserved 1048576K
}
Event: 1267.583 GC heap before
{Heap before GC invocations=82 (full 0):
 garbage-first heap   total 460800K, used 295581K [0x0000000080000000, 0x0000000100000000)
  region size 1024K, 137 young (140288K), 2 survivors (2048K)
 Metaspace       used 137119K, committed 138240K, reserved 1179648K
  class space    used 18769K, committed 19328K, reserved 1048576K
}
Event: 1267.605 GC heap after
{Heap after GC invocations=83 (full 0):
 garbage-first heap   total 460800K, used 145912K [0x0000000080000000, 0x0000000100000000)
  region size 1024K, 14 young (14336K), 14 survivors (14336K)
 Metaspace       used 137119K, committed 138240K, reserved 1179648K
  class space    used 18769K, committed 19328K, reserved 1048576K
}
Event: 1267.652 GC heap before
{Heap before GC invocations=83 (full 0):
 garbage-first heap   total 460800K, used 154104K [0x0000000080000000, 0x0000000100000000)
  region size 1024K, 22 young (22528K), 14 survivors (14336K)
 Metaspace       used 137123K, committed 138240K, reserved 1179648K
  class space    used 18769K, committed 19328K, reserved 1048576K
}
Event: 1267.714 GC heap after
{Heap after GC invocations=84 (full 0):
 garbage-first heap   total 460800K, used 142426K [0x0000000080000000, 0x0000000100000000)
  region size 1024K, 2 young (2048K), 2 survivors (2048K)
 Metaspace       used 137123K, committed 138240K, reserved 1179648K
  class space    used 18769K, committed 19328K, reserved 1048576K
}
Event: 1268.607 GC heap before
{Heap before GC invocations=84 (full 0):
 garbage-first heap   total 460800K, used 259162K [0x0000000080000000, 0x0000000100000000)
  region size 1024K, 118 young (120832K), 2 survivors (2048K)
 Metaspace       used 137245K, committed 138368K, reserved 1179648K
  class space    used 18775K, committed 19328K, reserved 1048576K
}
Event: 1268.610 GC heap after
{Heap after GC invocations=85 (full 0):
 garbage-first heap   total 460800K, used 141175K [0x0000000080000000, 0x0000000100000000)
  region size 1024K, 1 young (1024K), 1 survivors (1024K)
 Metaspace       used 137245K, committed 138368K, reserved 1179648K
  class space    used 18775K, committed 19328K, reserved 1048576K
}
Event: 1487.731 GC heap before
{Heap before GC invocations=86 (full 0):
 garbage-first heap   total 460800K, used 376695K [0x0000000080000000, 0x0000000100000000)
  region size 1024K, 210 young (215040K), 1 survivors (1024K)
 Metaspace       used 137595K, committed 138752K, reserved 1179648K
  class space    used 18778K, committed 19392K, reserved 1048576K
}
Event: 1487.782 GC heap after
{Heap after GC invocations=87 (full 0):
 garbage-first heap   total 460800K, used 155793K [0x0000000080000000, 0x0000000100000000)
  region size 1024K, 17 young (17408K), 17 survivors (17408K)
 Metaspace       used 137595K, committed 138752K, reserved 1179648K
  class space    used 18778K, committed 19392K, reserved 1048576K
}
Event: 1487.828 GC heap before
{Heap before GC invocations=87 (full 0):
 garbage-first heap   total 460800K, used 159889K [0x0000000080000000, 0x0000000100000000)
  region size 1024K, 22 young (22528K), 17 survivors (17408K)
 Metaspace       used 137595K, committed 138752K, reserved 1179648K
  class space    used 18778K, committed 19392K, reserved 1048576K
}
Event: 1487.849 GC heap after
{Heap after GC invocations=88 (full 0):
 garbage-first heap   total 460800K, used 150414K [0x0000000080000000, 0x0000000100000000)
  region size 1024K, 2 young (2048K), 2 survivors (2048K)
 Metaspace       used 137595K, committed 138752K, reserved 1179648K
  class space    used 18778K, committed 19392K, reserved 1048576K
}
Event: 1489.495 GC heap before
{Heap before GC invocations=88 (full 0):
 garbage-first heap   total 460800K, used 277390K [0x0000000080000000, 0x0000000100000000)
  region size 1024K, 128 young (131072K), 2 survivors (2048K)
 Metaspace       used 137623K, committed 138816K, reserved 1179648K
  class space    used 18779K, committed 19392K, reserved 1048576K
}
Event: 1489.504 GC heap after
{Heap after GC invocations=89 (full 0):
 garbage-first heap   total 460800K, used 153462K [0x0000000080000000, 0x0000000100000000)
  region size 1024K, 5 young (5120K), 5 survivors (5120K)
 Metaspace       used 137623K, committed 138816K, reserved 1179648K
  class space    used 18779K, committed 19392K, reserved 1048576K
}
Event: 1592.786 GC heap before
{Heap before GC invocations=90 (full 0):
 garbage-first heap   total 460800K, used 383862K [0x0000000080000000, 0x0000000100000000)
  region size 1024K, 213 young (218112K), 5 survivors (5120K)
 Metaspace       used 137947K, committed 139136K, reserved 1179648K
  class space    used 18797K, committed 19392K, reserved 1048576K
}
Event: 1592.816 GC heap after
{Heap after GC invocations=91 (full 0):
 garbage-first heap   total 460800K, used 164149K [0x0000000080000000, 0x0000000100000000)
  region size 1024K, 21 young (21504K), 21 survivors (21504K)
 Metaspace       used 137947K, committed 139136K, reserved 1179648K
  class space    used 18797K, committed 19392K, reserved 1048576K
}
Event: 1592.833 GC heap before
{Heap before GC invocations=91 (full 0):
 garbage-first heap   total 460800K, used 165173K [0x0000000080000000, 0x0000000100000000)
  region size 1024K, 22 young (22528K), 21 survivors (21504K)
 Metaspace       used 137949K, committed 139136K, reserved 1179648K
  class space    used 18797K, committed 19392K, reserved 1048576K
}
Event: 1592.879 GC heap after
{Heap after GC invocations=92 (full 0):
 garbage-first heap   total 460800K, used 157685K [0x0000000080000000, 0x0000000100000000)
  region size 1024K, 2 young (2048K), 2 survivors (2048K)
 Metaspace       used 137949K, committed 139136K, reserved 1179648K
  class space    used 18797K, committed 19392K, reserved 1048576K
}
Event: 1593.519 GC heap before
{Heap before GC invocations=92 (full 0):
 garbage-first heap   total 460800K, used 195573K [0x0000000080000000, 0x0000000100000000)
  region size 1024K, 41 young (41984K), 2 survivors (2048K)
 Metaspace       used 137990K, committed 139136K, reserved 1179648K
  class space    used 18800K, committed 19392K, reserved 1048576K
}

