# JRE version: OpenJDK Runtime Environment (17.0.9) (build 17.0.9+0--11185874)
# Java VM: OpenJDK 64-Bit Server VM (17.0.9+0--11185874, mixed mode, tiered, compressed oops, compressed class ptrs, g1 gc, windows-amd64)
GC Precious Log:
 CPUs: 4 total, 4 available
 Memory: 7997M
 Large Page Support: Disabled
 NUMA Support: Disabled
 Compressed Oops: Enabled (32-bit)
 Heap Region Size: 1M
 Heap Min Capacity: 8M
 Heap Initial Capacity: 126M
 Heap Max Capacity: 2G
 Pre-touch: Disabled
 Parallel Workers: 4
 Concurrent Workers: 1
 Concurrent Refinement Workers: 4
 Periodic GC: Disabled
Heap:
 garbage-first heap   total 348160K, used 146494K [0x0000000080000000, 0x0000000100000000)
  region size 1024K, 19 young (19456K), 19 survivors (19456K)
 Metaspace       used 162732K, committed 165120K, reserved 1245184K
  class space    used 21137K, committed 22336K, reserved 1048576K
GC Heap History (20 events):
Event: 10289.301 GC heap after
{Heap after GC invocations=340 (full 1):
 garbage-first heap   total 348160K, used 125484K [0x0000000080000000, 0x0000000100000000)
  region size 1024K, 2 young (2048K), 2 survivors (2048K)
 Metaspace       used 162525K, committed 165056K, reserved 1245184K
  class space    used 21116K, committed 22336K, reserved 1048576K
}
Event: 10358.660 GC heap before
{Heap before GC invocations=341 (full 1):
 garbage-first heap   total 348160K, used 306732K [0x0000000080000000, 0x0000000100000000)
  region size 1024K, 157 young (160768K), 2 survivors (2048K)
 Metaspace       used 162540K, committed 165056K, reserved 1245184K
  class space    used 21116K, committed 22336K, reserved 1048576K
}
Event: 10358.700 GC heap after
{Heap after GC invocations=342 (full 1):
 garbage-first heap   total 348160K, used 138256K [0x0000000080000000, 0x0000000100000000)
  region size 1024K, 15 young (15360K), 15 survivors (15360K)
 Metaspace       used 162540K, committed 165056K, reserved 1245184K
  class space    used 21116K, committed 22336K, reserved 1048576K
}
Event: 10358.724 GC heap before
{Heap before GC invocations=342 (full 1):
 garbage-first heap   total 348160K, used 140304K [0x0000000080000000, 0x0000000100000000)
  region size 1024K, 17 young (17408K), 15 survivors (15360K)
 Metaspace       used 162540K, committed 165056K, reserved 1245184K
  class space    used 21116K, committed 22336K, reserved 1048576K
}
Event: 10358.768 GC heap after
{Heap after GC invocations=343 (full 1):
 garbage-first heap   total 348160K, used 139463K [0x0000000080000000, 0x0000000100000000)
  region size 1024K, 2 young (2048K), 2 survivors (2048K)
 Metaspace       used 162540K, committed 165056K, reserved 1245184K
  class space    used 21116K, committed 22336K, reserved 1048576K
}
Event: 10359.125 GC heap before
{Heap before GC invocations=343 (full 1):
 garbage-first heap   total 348160K, used 213191K [0x0000000080000000, 0x0000000100000000)
  region size 1024K, 76 young (77824K), 2 survivors (2048K)
 Metaspace       used 162541K, committed 165056K, reserved 1245184K
  class space    used 21116K, committed 22336K, reserved 1048576K
}
Event: 10359.138 GC heap after
{Heap after GC invocations=344 (full 1):
 garbage-first heap   total 348160K, used 142023K [0x0000000080000000, 0x0000000100000000)
  region size 1024K, 4 young (4096K), 4 survivors (4096K)
 Metaspace       used 162541K, committed 165056K, reserved 1245184K
  class space    used 21116K, committed 22336K, reserved 1048576K
}
Event: 10714.818 GC heap before
{Heap before GC invocations=345 (full 1):
 garbage-first heap   total 348160K, used 298695K [0x0000000080000000, 0x0000000100000000)
  region size 1024K, 143 young (146432K), 4 survivors (4096K)
 Metaspace       used 162672K, committed 165120K, reserved 1245184K
  class space    used 21136K, committed 22336K, reserved 1048576K
}
Event: 10714.841 GC heap after
{Heap after GC invocations=346 (full 1):
 garbage-first heap   total 348160K, used 136060K [0x0000000080000000, 0x0000000100000000)
  region size 1024K, 7 young (7168K), 7 survivors (7168K)
 Metaspace       used 162672K, committed 165120K, reserved 1245184K
  class space    used 21136K, committed 22336K, reserved 1048576K
}
Event: 10715.136 GC heap before
{Heap before GC invocations=346 (full 1):
 garbage-first heap   total 348160K, used 145276K [0x0000000080000000, 0x0000000100000000)
  region size 1024K, 17 young (17408K), 7 survivors (7168K)
 Metaspace       used 162672K, committed 165120K, reserved 1245184K
  class space    used 21136K, committed 22336K, reserved 1048576K
}
Event: 10715.151 GC heap after
{Heap after GC invocations=347 (full 1):
 garbage-first heap   total 348160K, used 135265K [0x0000000080000000, 0x0000000100000000)
  region size 1024K, 2 young (2048K), 2 survivors (2048K)
 Metaspace       used 162672K, committed 165120K, reserved 1245184K
  class space    used 21136K, committed 22336K, reserved 1048576K
}
Event: 10722.053 GC heap before
{Heap before GC invocations=347 (full 1):
 garbage-first heap   total 348160K, used 284769K [0x0000000080000000, 0x0000000100000000)
  region size 1024K, 149 young (152576K), 2 survivors (2048K)
 Metaspace       used 162679K, committed 165120K, reserved 1245184K
  class space    used 21136K, committed 22336K, reserved 1048576K
}
Event: 10722.118 GC heap after
{Heap after GC invocations=348 (full 1):
 garbage-first heap   total 348160K, used 146380K [0x0000000080000000, 0x0000000100000000)
  region size 1024K, 13 young (13312K), 13 survivors (13312K)
 Metaspace       used 162679K, committed 165120K, reserved 1245184K
  class space    used 21136K, committed 22336K, reserved 1048576K
}
Event: 10808.899 GC heap before
{Heap before GC invocations=349 (full 1):
 garbage-first heap   total 348160K, used 296908K [0x0000000080000000, 0x0000000100000000)
  region size 1024K, 147 young (150528K), 13 survivors (13312K)
 Metaspace       used 162688K, committed 165120K, reserved 1245184K
  class space    used 21137K, committed 22336K, reserved 1048576K
}
Event: 10808.941 GC heap after
{Heap after GC invocations=350 (full 1):
 garbage-first heap   total 348160K, used 136245K [0x0000000080000000, 0x0000000100000000)
  region size 1024K, 4 young (4096K), 4 survivors (4096K)
 Metaspace       used 162688K, committed 165120K, reserved 1245184K
  class space    used 21137K, committed 22336K, reserved 1048576K
}
Event: 10809.066 GC heap before
{Heap before GC invocations=350 (full 1):
 garbage-first heap   total 348160K, used 148533K [0x0000000080000000, 0x0000000100000000)
  region size 1024K, 17 young (17408K), 4 survivors (4096K)
 Metaspace       used 162689K, committed 165120K, reserved 1245184K
  class space    used 21137K, committed 22336K, reserved 1048576K
}
Event: 10809.081 GC heap after
{Heap after GC invocations=351 (full 1):
 garbage-first heap   total 348160K, used 131816K [0x0000000080000000, 0x0000000100000000)
  region size 1024K, 2 young (2048K), 2 survivors (2048K)
 Metaspace       used 162689K, committed 165120K, reserved 1245184K
  class space    used 21137K, committed 22336K, reserved 1048576K
}
Event: 10813.951 GC heap before
{Heap before GC invocations=351 (full 1):
 garbage-first heap   total 348160K, used 284392K [0x0000000080000000, 0x0000000100000000)
  region size 1024K, 152 young (155648K), 2 survivors (2048K)
 Metaspace       used 162705K, committed 165120K, reserved 1245184K
  class space    used 21137K, committed 22336K, reserved 1048576K
}
Event: 10813.975 GC heap after
{Heap after GC invocations=352 (full 1):
 garbage-first heap   total 348160K, used 140089K [0x0000000080000000, 0x0000000100000000)
  region size 1024K, 10 young (10240K), 10 survivors (10240K)
 Metaspace       used 162705K, committed 165120K, reserved 1245184K
  class space    used 21137K, committed 22336K, reserved 1048576K
}
Event: 10858.442 GC heap before
{Heap before GC invocations=353 (full 1):
 garbage-first heap   total 348160K, used 303929K [0x0000000080000000, 0x0000000100000000)
  region size 1024K, 152 young (155648K), 10 survivors (10240K)
 Metaspace       used 162732K, committed 165120K, reserved 1245184K
  class space    used 21137K, committed 22336K, reserved 1048576K
}

